This is pdfTeX, Version 3.1415926-1.40.10 (TeX Live 2009/Debian) (format=pdflatex 2012.7.20)  1 AUG 2012 22:01
entering extended mode
 %&-line parsing enabled.
**/home/tpoisot/Projects/ModulesProdFW/draft/ECOFUNC-FW.tex
(/home/tpoisot/Projects/ModulesProdFW/draft/ECOFUNC-FW.tex
LaTeX2e <2009/09/24>
Babel <v3.8l> and hyphenation patterns for english, usenglishmax, dumylang, noh
yphenation, loaded.
(/usr/share/texmf-texlive/tex/latex/base/article.cls
Document Class: article 2007/10/19 v1.4h Standard LaTeX document class
(/usr/share/texmf-texlive/tex/latex/base/size12.clo
File: size12.clo 2007/10/19 v1.4h Standard LaTeX file (size option)
)
\c@part=\count79
\c@section=\count80
\c@subsection=\count81
\c@subsubsection=\count82
\c@paragraph=\count83
\c@subparagraph=\count84
\c@figure=\count85
\c@table=\count86
\abovecaptionskip=\skip41
\belowcaptionskip=\skip42
\bibindent=\dimen102
)
(/usr/share/texmf-texlive/tex/latex/geometry/geometry.sty
Package: geometry 2008/12/21 v4.2 Page Geometry

(/usr/share/texmf-texlive/tex/latex/graphics/keyval.sty
Package: keyval 1999/03/16 v1.13 key=value parser (DPC)
\KV@toks@=\toks14
)
(/usr/share/texmf-texlive/tex/generic/oberdiek/ifpdf.sty
Package: ifpdf 2009/04/10 v2.0 Provides the ifpdf switch (HO)
Package ifpdf Info: pdfTeX in pdf mode detected.
)
(/usr/share/texmf-texlive/tex/generic/oberdiek/ifvtex.sty
Package: ifvtex 2008/11/04 v1.4 Switches for detecting VTeX and its modes (HO)
Package ifvtex Info: VTeX not detected.
)
\Gm@cnth=\count87
\Gm@cntv=\count88
\c@Gm@tempcnt=\count89
\Gm@bindingoffset=\dimen103
\Gm@wd@mp=\dimen104
\Gm@odd@mp=\dimen105
\Gm@even@mp=\dimen106
\Gm@dimlist=\toks15

(/usr/share/texmf-texlive/tex/xelatex/xetexconfig/geometry.cfg))
(/usr/share/texmf-texlive/tex/latex/ltxmisc/parskip.sty
Package: parskip 2001/04/09 non-zero parskip adjustments
)
(/usr/share/texmf-texlive/tex/latex/graphics/graphicx.sty
Package: graphicx 1999/02/16 v1.0f Enhanced LaTeX Graphics (DPC,SPQR)

(/usr/share/texmf-texlive/tex/latex/graphics/graphics.sty
Package: graphics 2009/02/05 v1.0o Standard LaTeX Graphics (DPC,SPQR)

(/usr/share/texmf-texlive/tex/latex/graphics/trig.sty
Package: trig 1999/03/16 v1.09 sin cos tan (DPC)
)
(/etc/texmf/tex/latex/config/graphics.cfg
File: graphics.cfg 2009/08/28 v1.8 graphics configuration of TeX Live
)
Package graphics Info: Driver file: pdftex.def on input line 91.

(/usr/share/texmf-texlive/tex/latex/pdftex-def/pdftex.def
File: pdftex.def 2010/03/12 v0.04p Graphics/color for pdfTeX
\Gread@gobject=\count90
))
\Gin@req@height=\dimen107
\Gin@req@width=\dimen108
)
(/usr/share/texmf-texlive/tex/latex/amsfonts/amssymb.sty
Package: amssymb 2009/06/22 v3.00

(/usr/share/texmf-texlive/tex/latex/amsfonts/amsfonts.sty
Package: amsfonts 2009/06/22 v3.00 Basic AMSFonts support
\@emptytoks=\toks16
\symAMSa=\mathgroup4
\symAMSb=\mathgroup5
LaTeX Font Info:    Overwriting math alphabet `\mathfrak' in version `bold'
(Font)                  U/euf/m/n --> U/euf/b/n on input line 96.
))
(/usr/share/texmf-texlive/tex/latex/amsmath/amsmath.sty
Package: amsmath 2000/07/18 v2.13 AMS math features
\@mathmargin=\skip43

For additional information on amsmath, use the `?' option.
(/usr/share/texmf-texlive/tex/latex/amsmath/amstext.sty
Package: amstext 2000/06/29 v2.01

(/usr/share/texmf-texlive/tex/latex/amsmath/amsgen.sty
File: amsgen.sty 1999/11/30 v2.0
\@emptytoks=\toks17
\ex@=\dimen109
))
(/usr/share/texmf-texlive/tex/latex/amsmath/amsbsy.sty
Package: amsbsy 1999/11/29 v1.2d
\pmbraise@=\dimen110
)
(/usr/share/texmf-texlive/tex/latex/amsmath/amsopn.sty
Package: amsopn 1999/12/14 v2.01 operator names
)
\inf@bad=\count91
LaTeX Info: Redefining \frac on input line 211.
\uproot@=\count92
\leftroot@=\count93
LaTeX Info: Redefining \overline on input line 307.
\classnum@=\count94
\DOTSCASE@=\count95
LaTeX Info: Redefining \ldots on input line 379.
LaTeX Info: Redefining \dots on input line 382.
LaTeX Info: Redefining \cdots on input line 467.
\Mathstrutbox@=\box26
\strutbox@=\box27
\big@size=\dimen111
LaTeX Font Info:    Redeclaring font encoding OML on input line 567.
LaTeX Font Info:    Redeclaring font encoding OMS on input line 568.
\macc@depth=\count96
\c@MaxMatrixCols=\count97
\dotsspace@=\muskip10
\c@parentequation=\count98
\dspbrk@lvl=\count99
\tag@help=\toks18
\row@=\count100
\column@=\count101
\maxfields@=\count102
\andhelp@=\toks19
\eqnshift@=\dimen112
\alignsep@=\dimen113
\tagshift@=\dimen114
\tagwidth@=\dimen115
\totwidth@=\dimen116
\lineht@=\dimen117
\@envbody=\toks20
\multlinegap=\skip44
\multlinetaggap=\skip45
\mathdisplay@stack=\toks21
LaTeX Info: Redefining \[ on input line 2666.
LaTeX Info: Redefining \] on input line 2667.
)
(/usr/share/texmf-texlive/tex/latex/booktabs/booktabs.sty
Package: booktabs 2005/04/14 v1.61803 publication quality tables
\heavyrulewidth=\dimen118
\lightrulewidth=\dimen119
\cmidrulewidth=\dimen120
\belowrulesep=\dimen121
\belowbottomsep=\dimen122
\aboverulesep=\dimen123
\abovetopsep=\dimen124
\cmidrulesep=\dimen125
\cmidrulekern=\dimen126
\defaultaddspace=\dimen127
\@cmidla=\count103
\@cmidlb=\count104
\@aboverulesep=\dimen128
\@belowrulesep=\dimen129
\@thisruleclass=\count105
\@lastruleclass=\count106
\@thisrulewidth=\dimen130
)
(/usr/share/texmf-texlive/tex/latex/ltxmisc/topcapt.sty
Package: topcapt 2004/12/11 v1.2 Caption at top of float
)
(/usr/share/texmf-texlive/tex/latex/setspace/setspace.sty
Package: setspace 2000/12/01 6.7 Contributed and Supported LaTeX2e package

Package: `setspace' 6.7 <2000/12/01>
) (/usr/share/texmf/tex/latex/xcolor/xcolor.sty
Package: xcolor 2007/01/21 v2.11 LaTeX color extensions (UK)

(/etc/texmf/tex/latex/config/color.cfg
File: color.cfg 2007/01/18 v1.5 color configuration of teTeX/TeXLive
)
Package xcolor Info: Driver file: pdftex.def on input line 225.
Package xcolor Info: Model `cmy' substituted by `cmy0' on input line 1337.
Package xcolor Info: Model `hsb' substituted by `rgb' on input line 1341.
Package xcolor Info: Model `RGB' extended on input line 1353.
Package xcolor Info: Model `HTML' substituted by `rgb' on input line 1355.
Package xcolor Info: Model `Hsb' substituted by `hsb' on input line 1356.
Package xcolor Info: Model `tHsb' substituted by `hsb' on input line 1357.
Package xcolor Info: Model `HSB' substituted by `hsb' on input line 1358.
Package xcolor Info: Model `Gray' substituted by `gray' on input line 1359.
Package xcolor Info: Model `wave' substituted by `hsb' on input line 1360.
)
(/usr/share/texmf-texlive/tex/latex/base/fontenc.sty
Package: fontenc 2005/09/27 v1.99g Standard LaTeX package

(/usr/share/texmf-texlive/tex/latex/base/t1enc.def
File: t1enc.def 2005/09/27 v1.99g Standard LaTeX file
LaTeX Font Info:    Redeclaring font encoding T1 on input line 43.
))
(/usr/share/texmf-texlive/tex/latex/psnfss/mathpazo.sty
Package: mathpazo 2005/04/12 PSNFSS-v9.2a Palatino w/ Pazo Math (D.Puga, WaS) 
\symupright=\mathgroup6
)
(/home/tpoisot/texmf/tex/latex/pgfplots/pgfplots.sty
(/home/tpoisot/texmf/tex/generic/pgfplots/pgfplots.revision.tex)
Package: pgfplots 2011/12/29 v1.5.1 (git show 1.5.1-4-g53e640f )

(/home/tpoisot/texmf/tex/latex/pgf/frontendlayer/tikz.sty
(/home/tpoisot/texmf/tex/latex/pgf/basiclayer/pgf.sty
(/home/tpoisot/texmf/tex/latex/pgf/utilities/pgfrcs.sty
(/home/tpoisot/texmf/tex/generic/pgf/utilities/pgfutil-common.tex
\pgfutil@everybye=\toks22
)
(/home/tpoisot/texmf/tex/generic/pgf/utilities/pgfutil-latex.def
\pgfutil@abb=\box28

(/usr/share/texmf-texlive/tex/latex/ms/everyshi.sty
Package: everyshi 2001/05/15 v3.00 EveryShipout Package (MS)
))
(/home/tpoisot/texmf/tex/generic/pgf/utilities/pgfrcs.code.tex
Package: pgfrcs 2010/10/25 v2.10 (rcs-revision 1.24)
))
Package: pgf 2008/01/15 v2.10 (rcs-revision 1.12)

(/home/tpoisot/texmf/tex/latex/pgf/basiclayer/pgfcore.sty
(/home/tpoisot/texmf/tex/latex/pgf/systemlayer/pgfsys.sty
(/home/tpoisot/texmf/tex/generic/pgf/systemlayer/pgfsys.code.tex
Package: pgfsys 2010/06/30 v2.10 (rcs-revision 1.37)

(/home/tpoisot/texmf/tex/generic/pgf/utilities/pgfkeys.code.tex
\pgfkeys@pathtoks=\toks23
\pgfkeys@temptoks=\toks24

(/home/tpoisot/texmf/tex/generic/pgf/utilities/pgfkeysfiltered.code.tex
\pgfkeys@tmptoks=\toks25
))
\pgf@x=\dimen131
\pgf@y=\dimen132
\pgf@xa=\dimen133
\pgf@ya=\dimen134
\pgf@xb=\dimen135
\pgf@yb=\dimen136
\pgf@xc=\dimen137
\pgf@yc=\dimen138
\w@pgf@writea=\write3
\r@pgf@reada=\read1
\c@pgf@counta=\count107
\c@pgf@countb=\count108
\c@pgf@countc=\count109
\c@pgf@countd=\count110

(/home/tpoisot/texmf/tex/generic/pgf/systemlayer/pgf.cfg
File: pgf.cfg 2008/05/14  (rcs-revision 1.7)
)
Package pgfsys Info: Driver file for pgf: pgfsys-pdftex.def on input line 900.

(/home/tpoisot/texmf/tex/generic/pgf/systemlayer/pgfsys-pdftex.def
File: pgfsys-pdftex.def 2009/05/22  (rcs-revision 1.26)

(/home/tpoisot/texmf/tex/generic/pgf/systemlayer/pgfsys-common-pdf.def
File: pgfsys-common-pdf.def 2008/05/19  (rcs-revision 1.10)
)))
(/home/tpoisot/texmf/tex/generic/pgf/systemlayer/pgfsyssoftpath.code.tex
File: pgfsyssoftpath.code.tex 2008/07/18  (rcs-revision 1.7)
\pgfsyssoftpath@smallbuffer@items=\count111
\pgfsyssoftpath@bigbuffer@items=\count112
)
(/home/tpoisot/texmf/tex/generic/pgf/systemlayer/pgfsysprotocol.code.tex
File: pgfsysprotocol.code.tex 2006/10/16  (rcs-revision 1.4)
))
(/home/tpoisot/texmf/tex/generic/pgf/basiclayer/pgfcore.code.tex
Package: pgfcore 2010/04/11 v2.10 (rcs-revision 1.7)

(/home/tpoisot/texmf/tex/generic/pgf/math/pgfmath.code.tex
(/home/tpoisot/texmf/tex/generic/pgf/math/pgfmathcalc.code.tex
(/home/tpoisot/texmf/tex/generic/pgf/math/pgfmathutil.code.tex)
(/home/tpoisot/texmf/tex/generic/pgf/math/pgfmathparser.code.tex
\pgfmath@dimen=\dimen139
\pgfmath@count=\count113
\pgfmath@box=\box29
\pgfmath@toks=\toks26
\pgfmath@stack@operand=\toks27
\pgfmath@stack@operation=\toks28
)
(/home/tpoisot/texmf/tex/generic/pgf/math/pgfmathfunctions.code.tex
(/home/tpoisot/texmf/tex/generic/pgf/math/pgfmathfunctions.basic.code.tex)
(/home/tpoisot/texmf/tex/generic/pgf/math/pgfmathfunctions.trigonometric.code.t
ex) (/home/tpoisot/texmf/tex/generic/pgf/math/pgfmathfunctions.random.code.tex)
(/home/tpoisot/texmf/tex/generic/pgf/math/pgfmathfunctions.comparison.code.tex)
(/home/tpoisot/texmf/tex/generic/pgf/math/pgfmathfunctions.base.code.tex)
(/home/tpoisot/texmf/tex/generic/pgf/math/pgfmathfunctions.round.code.tex)
(/home/tpoisot/texmf/tex/generic/pgf/math/pgfmathfunctions.misc.code.tex)))
(/home/tpoisot/texmf/tex/generic/pgf/math/pgfmathfloat.code.tex
\c@pgfmathroundto@lastzeros=\count114
))
(/home/tpoisot/texmf/tex/generic/pgf/basiclayer/pgfcorepoints.code.tex
File: pgfcorepoints.code.tex 2010/04/09  (rcs-revision 1.20)
\pgf@picminx=\dimen140
\pgf@picmaxx=\dimen141
\pgf@picminy=\dimen142
\pgf@picmaxy=\dimen143
\pgf@pathminx=\dimen144
\pgf@pathmaxx=\dimen145
\pgf@pathminy=\dimen146
\pgf@pathmaxy=\dimen147
\pgf@xx=\dimen148
\pgf@xy=\dimen149
\pgf@yx=\dimen150
\pgf@yy=\dimen151
\pgf@zx=\dimen152
\pgf@zy=\dimen153
)
(/home/tpoisot/texmf/tex/generic/pgf/basiclayer/pgfcorepathconstruct.code.tex
File: pgfcorepathconstruct.code.tex 2010/08/03  (rcs-revision 1.24)
\pgf@path@lastx=\dimen154
\pgf@path@lasty=\dimen155
)
(/home/tpoisot/texmf/tex/generic/pgf/basiclayer/pgfcorepathusage.code.tex
File: pgfcorepathusage.code.tex 2008/04/22  (rcs-revision 1.12)
\pgf@shorten@end@additional=\dimen156
\pgf@shorten@start@additional=\dimen157
)
(/home/tpoisot/texmf/tex/generic/pgf/basiclayer/pgfcorescopes.code.tex
File: pgfcorescopes.code.tex 2010/09/08  (rcs-revision 1.34)
\pgfpic=\box30
\pgf@hbox=\box31
\pgf@layerbox@main=\box32
\pgf@picture@serial@count=\count115
)
(/home/tpoisot/texmf/tex/generic/pgf/basiclayer/pgfcoregraphicstate.code.tex
File: pgfcoregraphicstate.code.tex 2008/04/22  (rcs-revision 1.9)
\pgflinewidth=\dimen158
)
(/home/tpoisot/texmf/tex/generic/pgf/basiclayer/pgfcoretransformations.code.tex
File: pgfcoretransformations.code.tex 2009/06/10  (rcs-revision 1.11)
\pgf@pt@x=\dimen159
\pgf@pt@y=\dimen160
\pgf@pt@temp=\dimen161
) (/home/tpoisot/texmf/tex/generic/pgf/basiclayer/pgfcorequick.code.tex
File: pgfcorequick.code.tex 2008/10/09  (rcs-revision 1.3)
)
(/home/tpoisot/texmf/tex/generic/pgf/basiclayer/pgfcoreobjects.code.tex
File: pgfcoreobjects.code.tex 2006/10/11  (rcs-revision 1.2)
)
(/home/tpoisot/texmf/tex/generic/pgf/basiclayer/pgfcorepathprocessing.code.tex
File: pgfcorepathprocessing.code.tex 2008/10/09  (rcs-revision 1.8)
) (/home/tpoisot/texmf/tex/generic/pgf/basiclayer/pgfcorearrows.code.tex
File: pgfcorearrows.code.tex 2008/04/23  (rcs-revision 1.11)
)
(/home/tpoisot/texmf/tex/generic/pgf/basiclayer/pgfcoreshade.code.tex
File: pgfcoreshade.code.tex 2008/11/23  (rcs-revision 1.13)
\pgf@max=\dimen162
\pgf@sys@shading@range@num=\count116
)
(/home/tpoisot/texmf/tex/generic/pgf/basiclayer/pgfcoreimage.code.tex
File: pgfcoreimage.code.tex 2010/03/25  (rcs-revision 1.16)

(/home/tpoisot/texmf/tex/generic/pgf/basiclayer/pgfcoreexternal.code.tex
File: pgfcoreexternal.code.tex 2010/09/01  (rcs-revision 1.17)
\pgfexternal@startupbox=\box33
))
(/home/tpoisot/texmf/tex/generic/pgf/basiclayer/pgfcorelayers.code.tex
File: pgfcorelayers.code.tex 2010/08/27  (rcs-revision 1.2)
)
(/home/tpoisot/texmf/tex/generic/pgf/basiclayer/pgfcoretransparency.code.tex
File: pgfcoretransparency.code.tex 2008/01/17  (rcs-revision 1.2)
)
(/home/tpoisot/texmf/tex/generic/pgf/basiclayer/pgfcorepatterns.code.tex
File: pgfcorepatterns.code.tex 2009/07/02  (rcs-revision 1.3)
)))
(/home/tpoisot/texmf/tex/generic/pgf/modules/pgfmoduleshapes.code.tex
File: pgfmoduleshapes.code.tex 2010/09/09  (rcs-revision 1.13)
\pgfnodeparttextbox=\box34
)
(/home/tpoisot/texmf/tex/generic/pgf/modules/pgfmoduleplot.code.tex
File: pgfmoduleplot.code.tex 2010/10/22  (rcs-revision 1.8)
)
(/home/tpoisot/texmf/tex/latex/pgf/compatibility/pgfcomp-version-0-65.sty
Package: pgfcomp-version-0-65 2007/07/03 v2.10 (rcs-revision 1.7)
\pgf@nodesepstart=\dimen163
\pgf@nodesepend=\dimen164
)
(/home/tpoisot/texmf/tex/latex/pgf/compatibility/pgfcomp-version-1-18.sty
Package: pgfcomp-version-1-18 2007/07/23 v2.10 (rcs-revision 1.1)
))
(/home/tpoisot/texmf/tex/latex/pgf/utilities/pgffor.sty
(/home/tpoisot/texmf/tex/latex/pgf/utilities/pgfkeys.sty
(/home/tpoisot/texmf/tex/generic/pgf/utilities/pgfkeys.code.tex))
(/home/tpoisot/texmf/tex/generic/pgf/utilities/pgffor.code.tex
Package: pgffor 2010/03/23 v2.10 (rcs-revision 1.18)
\pgffor@iter=\dimen165
\pgffor@skip=\dimen166
\pgffor@stack=\toks29
\pgffor@toks=\toks30
))
(/home/tpoisot/texmf/tex/generic/pgf/frontendlayer/tikz/tikz.code.tex
Package: tikz 2010/10/13 v2.10 (rcs-revision 1.76)

(/home/tpoisot/texmf/tex/generic/pgf/libraries/pgflibraryplothandlers.code.tex
File: pgflibraryplothandlers.code.tex 2010/05/31 v2.10 (rcs-revision 1.15)
\pgf@plot@mark@count=\count117
\pgfplotmarksize=\dimen167
)
\tikz@lastx=\dimen168
\tikz@lasty=\dimen169
\tikz@lastxsaved=\dimen170
\tikz@lastysaved=\dimen171
\tikzleveldistance=\dimen172
\tikzsiblingdistance=\dimen173
\tikz@figbox=\box35
\tikz@tempbox=\box36
\tikztreelevel=\count118
\tikznumberofchildren=\count119
\tikznumberofcurrentchild=\count120
\tikz@fig@count=\count121
(/home/tpoisot/texmf/tex/generic/pgf/modules/pgfmodulematrix.code.tex
File: pgfmodulematrix.code.tex 2010/08/24  (rcs-revision 1.4)
\pgfmatrixcurrentrow=\count122
\pgfmatrixcurrentcolumn=\count123
\pgf@matrix@numberofcolumns=\count124
)
\tikz@expandcount=\count125

(/home/tpoisot/texmf/tex/generic/pgf/frontendlayer/tikz/libraries/tikzlibraryto
paths.code.tex
File: tikzlibrarytopaths.code.tex 2008/06/17 v2.10 (rcs-revision 1.2)
))) (/home/tpoisot/texmf/tex/generic/pgfplots/pgfplots.code.tex
(/home/tpoisot/texmf/tex/generic/pgfplots/pgfplotscore.code.tex
\t@pgfplots@toka=\toks31
\t@pgfplots@tokb=\toks32
\t@pgfplots@tokc=\toks33
\pgfplots@tmpa=\dimen174
\c@pgfplots@coordindex=\count126
\c@pgfplots@scanlineindex=\count127

(/home/tpoisot/texmf/tex/generic/pgfplots/sys/pgfplotssysgeneric.code.tex))
(/home/tpoisot/texmf/tex/generic/pgfplots/libs/pgfplotslibrary.code.tex)
(/home/tpoisot/texmf/tex/generic/pgfplots/oldpgfcompatib/pgfplotsoldpgfsupp_loa
der.code.tex
Package pgfplots: loading complementary code for your PGF version...

(/home/tpoisot/texmf/tex/generic/pgfplots/oldpgfcompatib/pgfplotsoldpgfsupp_mis
c.code.tex)
(/home/tpoisot/texmf/tex/generic/pgfplots/oldpgfcompatib/pgfplotsoldpgfsupp_pgf
keys.code.tex
\pgfkeys@pathtoks=\toks34
\pgfkeys@temptoks=\toks35

(/home/tpoisot/texmf/tex/generic/pgfplots/oldpgfcompatib/pgfplotsoldpgfsupp_pgf
keysfiltered.code.tex
\pgfkeys@tmptoks=\toks36
))
(/home/tpoisot/texmf/tex/generic/pgfplots/oldpgfcompatib/pgfplotsoldpgfsupp_pgf
mathfloat.code.tex
\c@pgfmathroundto@lastzeros=\count128
)
(/home/tpoisot/texmf/tex/generic/pgfplots/oldpgfcompatib/pgfplotsoldpgfsupp_pgf
libraryplothandlers.code.tex
File: pgflibraryplothandlers.code.tex 2011/12/28 v2.10 (rcs-revision 1.16)
\pgf@plot@mark@count=\count129
\pgfplotmarksize=\dimen175
)
(/home/tpoisot/texmf/tex/generic/pgfplots/oldpgfcompatib/pgfplotsoldpgfsupp_pgf
libraryfpu.code.tex))
(/home/tpoisot/texmf/tex/generic/pgfplots/util/pgfplotsutil.code.tex
(/home/tpoisot/texmf/tex/generic/pgfplots/liststructure/pgfplotsliststructure.c
ode.tex)
(/home/tpoisot/texmf/tex/generic/pgfplots/liststructure/pgfplotsliststructureex
t.code.tex)
(/home/tpoisot/texmf/tex/generic/pgfplots/liststructure/pgfplotsarray.code.tex
\c@pgfplotsarray@tmp=\count130
)
(/home/tpoisot/texmf/tex/generic/pgfplots/liststructure/pgfplotsmatrix.code.tex
)
(/home/tpoisot/texmf/tex/generic/pgfplots/numtable/pgfplotstableshared.code.tex
\c@pgfplotstable@counta=\count131
\t@pgfplotstable@a=\toks37
)
(/home/tpoisot/texmf/tex/generic/pgfplots/liststructure/pgfplotsdeque.code.tex)
(/home/tpoisot/texmf/tex/generic/pgfplots/util/pgfplotsbinary.code.tex)
(/home/tpoisot/texmf/tex/generic/pgfplots/util/pgfplotsutil.verb.code.tex)
(/home/tpoisot/texmf/tex/generic/pgfplots/libs/pgflibrarypgfplots.surfshading.c
ode.tex
\c@pgfplotslibrarysurf@no=\count132

(/home/tpoisot/texmf/tex/generic/pgfplots/sys/pgflibrarypgfplots.surfshading.pg
fsys-pdftex.def)))
(/home/tpoisot/texmf/tex/generic/pgfplots/util/pgfplotscolormap.code.tex)
(/home/tpoisot/texmf/tex/generic/pgfplots/pgfplotsstackedplots.code.tex)
(/home/tpoisot/texmf/tex/generic/pgfplots/pgfplotsplothandlers.code.tex
(/home/tpoisot/texmf/tex/generic/pgfplots/pgfplotsmeshplothandler.code.tex))
(/home/tpoisot/texmf/tex/generic/pgfplots/pgfplotscoordprocessing.code.tex)
(/home/tpoisot/texmf/tex/generic/pgfplots/pgfplotsticks.code.tex)
(/home/tpoisot/texmf/tex/generic/pgfplots/pgfplots.paths.code.tex)
(/home/tpoisot/texmf/tex/generic/pgf/frontendlayer/tikz/libraries/tikzlibraryde
corations.code.tex
(/home/tpoisot/texmf/tex/generic/pgf/modules/pgfmoduledecorations.code.tex
\pgfdecoratedcompleteddistance=\dimen176
\pgfdecoratedremainingdistance=\dimen177
\pgfdecoratedinputsegmentcompleteddistance=\dimen178
\pgfdecoratedinputsegmentremainingdistance=\dimen179
\pgf@decorate@distancetomove=\dimen180
\pgf@decorate@repeatstate=\count133
\pgfdecorationsegmentamplitude=\dimen181
\pgfdecorationsegmentlength=\dimen182
)
\tikz@lib@dec@box=\box37
)
(/home/tpoisot/texmf/tex/generic/pgf/frontendlayer/tikz/libraries/tikzlibraryde
corations.pathmorphing.code.tex
(/home/tpoisot/texmf/tex/generic/pgf/libraries/decorations/pgflibrarydecoration
s.pathmorphing.code.tex))
(/home/tpoisot/texmf/tex/generic/pgf/frontendlayer/tikz/libraries/tikzlibraryde
corations.pathreplacing.code.tex
(/home/tpoisot/texmf/tex/generic/pgf/libraries/decorations/pgflibrarydecoration
s.pathreplacing.code.tex))
\pgfplots@numplots=\count134
\pgfplots@xmin@reg=\dimen183
\pgfplots@xmax@reg=\dimen184
\pgfplots@ymin@reg=\dimen185
\pgfplots@ymax@reg=\dimen186
\pgfplots@zmin@reg=\dimen187
\pgfplots@zmax@reg=\dimen188
)
(/home/tpoisot/texmf/tex/generic/pgf/frontendlayer/tikz/libraries/tikzlibrarypl
otmarks.code.tex
File: tikzlibraryplotmarks.code.tex 2008/01/09 v2.10 (rcs-revision 1.1)

(/home/tpoisot/texmf/tex/generic/pgf/libraries/pgflibraryplotmarks.code.tex
File: pgflibraryplotmarks.code.tex 2010/10/15 v2.10 (rcs-revision 1.12)
)))
(/home/tpoisot/texmf/tex/latex/pgfplots/pgfplotstable.sty
Package: pgfplotstable 2011/12/19 Part of pgfplots

(/home/tpoisot/texmf/tex/generic/pgfplots/numtable/pgfplotstable.code.tex
(/home/tpoisot/texmf/tex/generic/pgfplots/numtable/pgfplotstable.coltype.code.t
ex)) (/usr/share/texmf-texlive/tex/latex/tools/array.sty
Package: array 2008/09/09 v2.4c Tabular extension package (FMi)
\col@sep=\dimen189
\extrarowheight=\dimen190
\NC@list=\toks38
\extratabsurround=\skip46
\backup@length=\skip47
))
(/home/tpoisot/texmf/tex/generic/pgfplots/libs/tikzlibrarypgfplots.groupplots.c
ode.tex
\pgfplots@group@current@plot=\count135
\pgfplots@group@current@row=\count136
\pgfplots@group@current@column=\count137

(/home/tpoisot/texmf/tex/generic/pgf/frontendlayer/tikz/libraries/tikzlibraryca
lc.code.tex
File: tikzlibrarycalc.code.tex 2009/09/04 v2.10 (rcs-revision 1.6)
)) (/usr/share/texmf/tex/latex/biblatex/biblatex.sty
Package: biblatex 2011/11/13 v1.7 programmable bibliographies

(/usr/share/texmf/tex/latex/etoolbox/etoolbox.sty
Package: etoolbox 2011/01/03 v2.1 e-TeX tools for LaTeX

(/usr/share/texmf-texlive/tex/latex/etex-pkg/etex.sty
Package: etex 1998/03/26 v2.0 eTeX basic definition package (PEB)
\et@xins=\count138
)
\etb@tempcnta=\count139
)
(/usr/share/texmf/tex/latex/logreq/logreq.sty
Package: logreq 2010/08/04 v1.0 xml request logger
\lrq@indent=\count140

(/usr/share/texmf/tex/latex/logreq/logreq.def
File: logreq.def 2010/08/04 v1.0 logreq spec v1.0
))
(/usr/share/texmf-texlive/tex/latex/base/ifthen.sty
Package: ifthen 2001/05/26 v1.1c Standard LaTeX ifthen package (DPC)
)
(/usr/share/texmf-texlive/tex/latex/ltxmisc/url.sty
\Urlmuskip=\muskip11
Package: url 2006/04/12  ver 3.3  Verb mode for urls, etc.
)
\c@listtotal=\count141
\c@listcount=\count142
\c@liststart=\count143
\c@liststop=\count144
\c@citecount=\count145
\c@citetotal=\count146
\c@multicitecount=\count147
\c@multicitetotal=\count148
\c@instcount=\count149
\c@maxnames=\count150
\c@minnames=\count151
\c@maxitems=\count152
\c@minitems=\count153
\c@citecounter=\count154
\c@savedcitecounter=\count155
\c@uniquelist=\count156
\c@uniquename=\count157
\c@refsection=\count158
\c@refsegment=\count159
\c@maxextrayear=\count160
\c@maxextraalpha=\count161
\c@abbrvpenalty=\count162
\c@highnamepenalty=\count163
\c@lownamepenalty=\count164
\c@maxparens=\count165
\c@parenlevel=\count166
\blx@tempcnta=\count167
\blx@tempcntb=\count168
\blx@tempcntc=\count169
\blx@maxsection=\count170
\blx@maxsegment=\count171
\blx@notetype=\count172
\blx@parenlevel@text=\count173
\blx@parenlevel@foot=\count174
\labelnumberwidth=\skip48
\labelalphawidth=\skip49
\shorthandwidth=\skip50
\biblabelsep=\skip51
\bibitemsep=\skip52
\bibnamesep=\skip53
\bibinitsep=\skip54
\bibparsep=\skip55
\bibhang=\skip56
\blx@auxin=\read2
\blx@auxout=\write4
\c@mincomprange=\count175
\c@maxcomprange=\count176
\c@mincompwidth=\count177
\c@labelname=\count178
\c@savedlabelname=\count179
\c@author=\count180
\c@savedauthor=\count181
\c@shortauthor=\count182
\c@savedshortauthor=\count183
\c@editor=\count184
\c@savededitor=\count185
\c@editora=\count186
\c@savededitora=\count187
\c@editorb=\count188
\c@savededitorb=\count189
\c@editorc=\count190
\c@savededitorc=\count191
\c@shorteditor=\count192
\c@savedshorteditor=\count193
\c@bookauthor=\count194
\c@savedbookauthor=\count195
\c@translator=\count196
\c@savedtranslator=\count197
\c@annotator=\count198
\c@savedannotator=\count199
\c@commentator=\count200
\c@savedcommentator=\count201
\c@introduction=\count202
\c@savedintroduction=\count203
\c@foreword=\count204
\c@savedforeword=\count205
\c@afterword=\count206
\c@savedafterword=\count207
\c@holder=\count208
\c@savedholder=\count209
\c@namea=\count210
\c@savednamea=\count211
\c@nameb=\count212
\c@savednameb=\count213
\c@namec=\count214
\c@savednamec=\count215
\c@institution=\count216
\c@savedinstitution=\count217
\c@language=\count218
\c@savedlanguage=\count219
\c@location=\count220
\c@savedlocation=\count221
\c@organization=\count222
\c@savedorganization=\count223
\c@origlocation=\count224
\c@savedoriglocation=\count225
\c@origpublisher=\count226
\c@savedorigpublisher=\count227
\c@pageref=\count228
\c@savedpageref=\count229
\c@publisher=\count230
\c@savedpublisher=\count231
\c@lista=\count232
\c@savedlista=\count233
Normal \count register pool exhausted, switching to extended pool.
\c@listb=\count277
\c@savedlistb=\count278
\c@listc=\count279
\c@savedlistc=\count280
\c@listd=\count281
\c@savedlistd=\count282
\c@liste=\count283
\c@savedliste=\count284
\c@listf=\count285
\c@savedlistf=\count286
Package biblatex Info: Trying to load compatibility code...
Package biblatex Info: ... file 'blx-compat.def' found.

(/usr/share/texmf/tex/latex/biblatex/blx-compat.def
File: blx-compat.def 2011/11/13 v1.7 biblatex generic compatibility
)
Package biblatex Info: Trying to load generic definitions...
Package biblatex Info: ... file 'biblatex.def' found.

(/usr/share/texmf/tex/latex/biblatex/biblatex.def
File: biblatex.def 2011/11/13 v1.7 biblatex generic definitions
\c@biburlnumpenalty=\count287
\c@biburlucpenalty=\count288
\c@biburllcpenalty=\count289
\c@smartand=\count290
)
Package biblatex Info: Trying to load bibliography style 'numeric'...
Package biblatex Info: ... file 'numeric.bbx' found.

(/usr/share/texmf/tex/latex/biblatex/bbx/numeric.bbx
File: numeric.bbx 2011/11/13 v1.7 biblatex bibliography style
Package biblatex Info: Trying to load bibliography style 'standard'...
Package biblatex Info: ... file 'standard.bbx' found.

(/usr/share/texmf/tex/latex/biblatex/bbx/standard.bbx
File: standard.bbx 2011/11/13 v1.7 biblatex bibliography style
))
Package biblatex Info: Trying to load citation style 'numeric'...
Package biblatex Info: ... file 'numeric.cbx' found.

(/usr/share/texmf/tex/latex/biblatex/cbx/numeric.cbx
File: numeric.cbx 2011/11/13 v1.7 biblatex citation style
Package biblatex Info: Redefining '\cite'.
Package biblatex Info: Redefining '\parencite'.
Package biblatex Info: Redefining '\footcite'.
Package biblatex Info: Redefining '\footcitetext'.
Package biblatex Info: Redefining '\smartcite'.
Package biblatex Info: Redefining '\textcite'.
Package biblatex Info: Redefining '\supercite'.
Package biblatex Info: Redefining '\cites'.
Package biblatex Info: Redefining '\parencites'.
Package biblatex Info: Redefining '\smartcites'.
)
Package biblatex Info: Trying to load configuration file...
Package biblatex Info: ... file 'biblatex.cfg' found.

(/usr/share/texmf/tex/latex/biblatex/biblatex.cfg
File: biblatex.cfg 
))
Package biblatex Info: Trying to load language 'english'...
Package biblatex Info: ... file 'english.lbx' found.

(/usr/share/texmf/tex/latex/biblatex/lbx/english.lbx
File: english.lbx 2011/11/13 v1.7 biblatex localization
)
\@quotelevel=\count291
\@quotereset=\count292
 (./ECOFUNC-FW.aux)
\openout1 = `ECOFUNC-FW.aux'.

LaTeX Font Info:    Checking defaults for OML/cmm/m/it on input line 63.
LaTeX Font Info:    ... okay on input line 63.
LaTeX Font Info:    Checking defaults for T1/cmr/m/n on input line 63.
LaTeX Font Info:    ... okay on input line 63.
LaTeX Font Info:    Checking defaults for OT1/cmr/m/n on input line 63.
LaTeX Font Info:    ... okay on input line 63.
LaTeX Font Info:    Checking defaults for OMS/cmsy/m/n on input line 63.
LaTeX Font Info:    ... okay on input line 63.
LaTeX Font Info:    Checking defaults for OMX/cmex/m/n on input line 63.
LaTeX Font Info:    ... okay on input line 63.
LaTeX Font Info:    Checking defaults for U/cmr/m/n on input line 63.
LaTeX Font Info:    ... okay on input line 63.
LaTeX Font Info:    Try loading font information for T1+ppl on input line 63.

(/usr/share/texmf-texlive/tex/latex/psnfss/t1ppl.fd
File: t1ppl.fd 2001/06/04 font definitions for T1/ppl.
)
*geometry auto-detecting driver*
*geometry detected driver: pdftex*
-------------------- Geometry parameters
paper: letterpaper
landscape: --
twocolumn: --
twoside: --
asymmetric: --
h-parts: 92.14519pt, 0.7\paperwidth , 92.14519pt (default)
v-parts: 95.39737pt, 0.7\paperheight , 143.09605pt (default)
hmarginratio: 1:1
vmarginratio: 2:3
lines: --
heightrounded: --
bindingoffset: 0.0pt
truedimen: --
includehead: --
includefoot: --
includemp: --
driver: pdftex
-------------------- Page layout dimensions and switches
\paperwidth  614.295pt
\paperheight 794.96999pt
\textwidth  430.00462pt
\textheight 556.47656pt
\oddsidemargin  19.8752pt
\evensidemargin 19.8752pt
\topmargin  -13.87262pt
\headheight 12.0pt
\headsep    25.0pt
\footskip   30.0pt
\marginparwidth 44.0pt
\marginparsep   10.0pt
\columnsep  10.0pt
\skip\footins  10.8pt plus 4.0pt minus 2.0pt
\hoffset 0.0pt
\voffset 0.0pt
\mag 1000

(1in=72.27pt, 1cm=28.45pt)
-----------------------
(/usr/share/texmf-texlive/tex/context/base/supp-pdf.mkii
[Loading MPS to PDF converter (version 2006.09.02).]
\scratchcounter=\count293
\scratchdimen=\dimen191
\scratchbox=\box38
\nofMPsegments=\count294
\nofMParguments=\count295
\everyMPshowfont=\toks39
\MPscratchCnt=\count296
\MPscratchDim=\dimen192
\MPnumerator=\count297
\everyMPtoPDFconversion=\toks40
) ABD: EveryShipout initializing macros
Package biblatex Info: No input encoding detected.
(biblatex)             Assuming 'ascii'.
Package biblatex Info: Automatic encoding selection.
(biblatex)             Assuming data encoding 'ascii'.
\openout4 = `ECOFUNC-FW-blx.bib'.

Package biblatex Info: Trying to load bibliographic data...
Package biblatex Info: ... file 'ECOFUNC-FW.bbl' found.
 (./ECOFUNC-FW.bbl)
Package biblatex Info: Reference section=0 on input line 63.
Package biblatex Info: Reference segment=0 on input line 63.
LaTeX Font Info:    Try loading font information for OT1+ppl on input line 64.

(/usr/share/texmf-texlive/tex/latex/psnfss/ot1ppl.fd
File: ot1ppl.fd 2001/06/04 font definitions for OT1/ppl.
)
LaTeX Font Info:    Try loading font information for OML+zplm on input line 64.


(/usr/share/texmf-texlive/tex/latex/psnfss/omlzplm.fd
File: omlzplm.fd 2002/09/08 Fontinst v1.914 font definitions for OML/zplm.
)
LaTeX Font Info:    Try loading font information for OMS+zplm on input line 64.


(/usr/share/texmf-texlive/tex/latex/psnfss/omszplm.fd
File: omszplm.fd 2002/09/08 Fontinst v1.914 font definitions for OMS/zplm.
)
LaTeX Font Info:    Try loading font information for OMX+zplm on input line 64.


(/usr/share/texmf-texlive/tex/latex/psnfss/omxzplm.fd
File: omxzplm.fd 2002/09/08 Fontinst v1.914 font definitions for OMX/zplm.
)
LaTeX Font Info:    Font shape `U/msa/m/n' will be
(Font)              scaled to size 15.0049pt on input line 64.
LaTeX Font Info:    Font shape `U/msa/m/n' will be
(Font)              scaled to size 10.42007pt on input line 64.
LaTeX Font Info:    Font shape `U/msa/m/n' will be
(Font)              scaled to size 8.33606pt on input line 64.
LaTeX Font Info:    Font shape `U/msb/m/n' will be
(Font)              scaled to size 15.0049pt on input line 64.
LaTeX Font Info:    Font shape `U/msb/m/n' will be
(Font)              scaled to size 10.42007pt on input line 64.
LaTeX Font Info:    Font shape `U/msb/m/n' will be
(Font)              scaled to size 8.33606pt on input line 64.
LaTeX Font Info:    Try loading font information for OT1+zplm on input line 64.


(/usr/share/texmf-texlive/tex/latex/psnfss/ot1zplm.fd
File: ot1zplm.fd 2002/09/08 Fontinst v1.914 font definitions for OT1/zplm.
)
LaTeX Font Info:    Font shape `T1/ppl/bx/n' in size <17.28> not available
(Font)              Font shape `T1/ppl/b/n' tried instead on input line 66.
LaTeX Font Info:    Font shape `T1/ppl/bx/n' in size <12> not available
(Font)              Font shape `T1/ppl/b/n' tried instead on input line 72.
 [1

{/var/lib/texmf/fonts/map/pdftex/updmap/pdftex.map}]
LaTeX Font Info:    Font shape `U/msa/m/n' will be
(Font)              scaled to size 12.50409pt on input line 75.
LaTeX Font Info:    Font shape `U/msa/m/n' will be
(Font)              scaled to size 9.37807pt on input line 75.
LaTeX Font Info:    Font shape `U/msa/m/n' will be
(Font)              scaled to size 7.29405pt on input line 75.
LaTeX Font Info:    Font shape `U/msb/m/n' will be
(Font)              scaled to size 12.50409pt on input line 75.
LaTeX Font Info:    Font shape `U/msb/m/n' will be
(Font)              scaled to size 9.37807pt on input line 75.
LaTeX Font Info:    Font shape `U/msb/m/n' will be
(Font)              scaled to size 7.29405pt on input line 75.
 [2]
LaTeX Font Info:    Font shape `T1/ppl/bx/n' in size <14.4> not available
(Font)              Font shape `T1/ppl/b/n' tried instead on input line 139.
 [3] [4]
Overfull \hbox (7.41373pt too wide) in paragraph at lines 152--153
[]\T1/ppl/m/n/12 In this model, the ex-tent to which al-lo-met-ric scal-ing ex-
ists in the in-ter-ac-tion strength
 []

[5] [6] [7]
! Package pgfplots Warning: Loading deprecated style option /tikz/every axis gr
id. Please replace '\tikzstyle{every axis grid}' with '\pgfplotsset{every axis 
grid/.style={}}' (or '\pgfplotsset{every axis grid/.append style={}}').
PGFPlots: reading {../w-scaled.dat}
PGFPlots: reading {../w-scaled.dat}
PGFPlots: reading {../w-scaled.dat}
PGFPlots: reading {../w-scaled.dat}
PGFPlots: reading {../w-scaled.dat}
Missing character: There is no ; in font nullfont!
[8] [9]
Overfull \hbox (5.8639pt too wide) in paragraph at lines 234--258
 [][] 
 []

! Package pgfplots Warning: Loading deprecated style option /tikz/every axis gr
id. Please replace '\tikzstyle{every axis grid}' with '\pgfplotsset{every axis 
grid/.style={}}' (or '\pgfplotsset{every axis grid/.append style={}}').
PGFPlots: reading {../w-scaled.dat}
PGFPlots: reading {../w-scaled.dat}
PGFPlots: reading {../w-scaled.dat}
PGFPlots: reading {../w-scaled.dat}
! Package pgfplots Warning: Loading deprecated style option /tikz/every axis gr
id. Please replace '\tikzstyle{every axis grid}' with '\pgfplotsset{every axis 
grid/.style={}}' (or '\pgfplotsset{every axis grid/.append style={}}').
PGFPlots: reading {../w-scaled.dat}
PGFPlots: reading {../w-unscaled.dat}
LaTeX Font Info:    Try loading font information for OMS+ppl on input line 298.

(/usr/share/texmf-texlive/tex/latex/psnfss/omsppl.fd
File: omsppl.fd 
)
LaTeX Font Info:    Font shape `OMS/ppl/m/n' in size <12> not available
(Font)              Font shape `OMS/cmsy/m/n' tried instead on input line 298.
 [10] [11] [12]
Overfull \hbox (10.4208pt too wide) in paragraph at lines 304--304
[]\T1/ppl/m/n/12 Dominique Gravel et al. ``Per-sis-tence in-creases with di-ver
-sity and con-nectance
 []


Overfull \hbox (1.22054pt too wide) in paragraph at lines 304--304
[]\T1/ppl/m/n/12 R Milo et al. ``Net-work mo-tifs: sim-ple build-ing blocks of 
com-plex net-works.''
 []

[13] [14] (./ECOFUNC-FW.aux)
Package logreq Info: Writing requests to 'ECOFUNC-FW.run.xml'.
\openout1 = `ECOFUNC-FW.run.xml'.

 ) 
Here is how much of TeX's memory you used:
 24106 strings out of 495061
 529194 string characters out of 1182621
 1229153 words of memory out of 3000000
 26825 multiletter control sequences out of 15000+50000
 37744 words of font info for 92 fonts, out of 3000000 for 9000
 28 hyphenation exceptions out of 8191
 63i,19n,93p,1618b,5568s stack positions out of 5000i,500n,10000p,200000b,50000s
{/usr/share/texmf-texlive/fonts/enc/dvips/base/8r.enc}</usr/share/texmf-texli
ve/fonts/type1/public/amsfonts/cm/cmex10.pfb></usr/share/texmf-texlive/fonts/ty
pe1/public/amsfonts/cm/cmr10.pfb></usr/share/texmf-texlive/fonts/type1/public/a
msfonts/cm/cmsy10.pfb></usr/share/texmf-texlive/fonts/type1/public/mathpazo/fpl
mr.pfb></usr/share/texmf-texlive/fonts/type1/public/mathpazo/fplmri.pfb></usr/s
hare/texmf-texlive/fonts/type1/urw/palatino/uplb8a.pfb></usr/share/texmf-texliv
e/fonts/type1/urw/palatino/uplr8a.pfb></usr/share/texmf-texlive/fonts/type1/urw
/palatino/uplri8a.pfb>
Output written on ECOFUNC-FW.pdf (14 pages, 225001 bytes).
PDF statistics:
 84 PDF objects out of 1000 (max. 8388607)
 0 named destinations out of 1000 (max. 500000)
 13 words of extra memory for PDF output out of 10000 (max. 10000000)

